<?xml version="1.0" encoding="UTF-8"?>
<!-- Generated by org.testng.reporters.JUnitReportReporter -->
<testsuite hostname="MSI" failures="0" tests="7" name="TestClasses.LoginTest" time="76.281" errors="0" timestamp="2024-06-21T06:58:51 IST" skipped="1">
  <testcase classname="TestClasses.LoginTest" name="SuccessfulLogin" time="16.000"/>
  <system-out/>
  <testcase classname="TestClasses.LoginTest" name="SuccessfulLogin" time="13.628"/>
  <system-out/>
  <testcase classname="TestClasses.LoginTest" name="SuccessfulLogin" time="9.986"/>
  <system-out/>
  <testcase classname="TestClasses.LoginTest" name="SuccessfulLogin" time="13.782"/>
  <system-out/>
  <testcase classname="TestClasses.LoginTest" name="SuccessfulLogin" time="7.628"/>
  <system-out/>
  <testcase classname="TestClasses.LoginTest" name="SuccessfulLogin" time="15.257"/>
  <system-out/>
  <testcase classname="TestClasses.LoginTest" name="Invalid_UsernamePassword">
    <skipped/>
  </testcase> <!-- Invalid_UsernamePassword -->
  <system-out/>
</testsuite> <!-- TestClasses.LoginTest -->
